Content-Type: text/plain; charset="utf-8"
MIME-Version: 1.0
Content-Transfer-Encoding: 8bit
Subject: Nova assinatura em http://127.0.0.1:8000
From: leandrosustenido@gmail.com
To: leandrosustenido@gmail.com
Date: Tue, 08 Sep 2015 20:36:01 -0000
Message-ID: <20150908203601.25258.63391@hardwell>

Uma nova organizacao se registrou no GestorPSI. Para mais detalhes acessar http://127.0.0.1:8000/gcm/

Organização asdfg
-------------------------------------------------------------------------------
Content-Type: text/plain; charset="utf-8"
MIME-Version: 1.0
Content-Transfer-Encoding: 8bit
Subject: Assinatura GestorPSI.com.br
From: leandrosustenido@gmail.com
To: sdfghj@sdfghj.com
Date: Tue, 08 Sep 2015 20:36:01 -0000
Message-ID: <20150908203601.25258.64122@hardwell>

Olá, bom dia!

Obrigado por assinar o GestorPsi.
Sua solicitação foi recebida pela nossa equipe. Sua conta está pronta para usar! Qualquer dúvida que venha ter é possível consultar os links abaixo ou então entrar em contato conosco através do formulário de contato.

link funcionalidades: http://127.0.0.1:8000/funcionalidades/
link como usar: http://127.0.0.1:8000/como-usar/
link manual: http://127.0.0.1:8000/media/manual.pdf
link contato: http://127.0.0.1:8000/contato/

Instruções no YouTube: https://www.youtube.com/channel/UC03EiqIuX72q-fi0MfWK8WA

O periodo de teste inicia em 08/09/2015 e termina em 08/10/2015.
Antes do término do período de teste você deve optar por uma forma de pagamento aqui: http://127.0.0.1:8000/organization/signature/

Endereço do GestorPSI: http://127.0.0.1:8000
Usuário/Login  joaopablo
Senha  asdf

GestorPSI Developer
-------------------------------------------------------------------------------
